<?xml version="1.0" encoding="UTF-8"?>
<!-- Generated by org.testng.reporters.JUnitXMLReporter -->
<testsuite ignored="1" hostname="REM-LT-230130C" failures="0" tests="1" name="Default test" time="3.228" errors="0" timestamp="2023-02-14T12:49:44 CST">
  <testcase classname="testng.PostTest" name="validatePostTestFromMyResponse" time="3.118"/>
  <testcase classname="testng.PostTest" name="validatePostTest" time="0.0">
    <ignored/>
  </testcase> <!-- validatePostTest -->
</testsuite> <!-- Default test -->
