<?xml version="1.0" encoding="UTF-8"?>
<!-- Generated by org.testng.reporters.JUnitXMLReporter -->
<testsuite ignored="0" hostname="REM-LT-230130C" failures="0" tests="9" name="Test" time="5.389" errors="0" timestamp="2023-02-15T13:21:15 CST">
  <testcase classname="testng.Assignment4" name="validateGetUnknownList" time="2.232"/>
  <testcase classname="testng.Assignment4" name="validateGetUnknownUser" time="0.483"/>
  <testcase classname="testng.Assignment4" name="validateGetUser" time="0.179"/>
  <testcase classname="testng.Assignment4" name="validateGetUsers" time="0.159"/>
  <testcase classname="testng.Assignment4" name="validatePostCreateUser" time="0.43"/>
  <testcase classname="testng.Assignment4" name="validatePostLogin" time="0.462"/>
  <testcase classname="testng.Assignment4" name="validatePutUser" time="0.42"/>
  <testcase classname="testng.Assignment4" name="validateSuccessfullPostRegister" time="0.472"/>
  <testcase classname="testng.Assignment4" name="validateUnsuccessfullPostRegister" time="0.468"/>
</testsuite> <!-- Test -->
