<?xml version="1.0" encoding="UTF-8"?>
<testng-results ignored="1" total="2" passed="1" failed="0" skipped="0">
  <reporter-output>
  </reporter-output>
  <suite started-at="2023-02-14T12:49:41 CST" name="Default suite" finished-at="2023-02-14T12:49:44 CST" duration-ms="3228">
    <groups>
    </groups>
    <test started-at="2023-02-14T12:49:41 CST" name="Default test" finished-at="2023-02-14T12:49:44 CST" duration-ms="3228">
      <class name="testng.PostTest">
        <test-method is-config="true" signature="setup()[pri:0, instance:testng.PostTest@16610890]" started-at="2023-02-14T12:49:41 CST" name="setup" finished-at="2023-02-14T12:49:41 CST" duration-ms="36" status="PASS">
          <reporter-output>
          </reporter-output>
        </test-method> <!-- setup -->
        <test-method signature="validatePostTestFromMyResponse()[pri:0, instance:testng.PostTest@16610890]" started-at="2023-02-14T12:49:41 CST" name="validatePostTestFromMyResponse" finished-at="2023-02-14T12:49:44 CST" duration-ms="3118" status="PASS">
          <reporter-output>
          </reporter-output>
        </test-method> <!-- validatePostTestFromMyResponse -->
      </class> <!-- testng.PostTest -->
    </test> <!-- Default test -->
  </suite> <!-- Default suite -->
</testng-results>
